<?xml version="1.0" encoding="UTF-8"?>
<testng-results ignored="0" total="0" passed="0" failed="0" skipped="0">
  <reporter-output>
  </reporter-output>
  <suite started-at="2017-11-19T19:31:18Z" name="Suite1" finished-at="2017-11-19T19:31:19Z" duration-ms="1275">
    <groups>
    </groups>
    <test started-at="2017-11-19T19:31:18Z" name="Nopackage" finished-at="2017-11-19T19:31:18Z" duration-ms="26">
    </test> <!-- Nopackage -->
    <test started-at="2017-11-19T19:31:19Z" name="Regression1" finished-at="2017-11-19T19:31:19Z" duration-ms="0">
    </test> <!-- Regression1 -->
  </suite> <!-- Suite1 -->
</testng-results>
